<?xml version="1.0" encoding="UTF-8"?>
<testng-results ignored="0" total="1" passed="1" failed="0" skipped="0">
  <reporter-output>
  </reporter-output>
  <suite started-at="2023-07-11T08:19:23 AEST" name="Default suite" finished-at="2023-07-11T08:19:38 AEST" duration-ms="15541">
    <groups>
    </groups>
    <test started-at="2023-07-11T08:19:23 AEST" name="Default test" finished-at="2023-07-11T08:19:38 AEST" duration-ms="15541">
      <class name="rahulshettyacademy.Appium_practice.Assignment1">
        <test-method is-config="true" signature="configureAppium()[pri:0, instance:rahulshettyacademy.Appium_practice.Assignment1@5386659f]" started-at="2023-07-11T08:19:23 AEST" name="configureAppium" finished-at="2023-07-11T08:19:32 AEST" duration-ms="9316" status="PASS">
          <reporter-output>
          </reporter-output>
        </test-method> <!-- configureAppium -->
        <test-method signature="Hololtheme()[pri:0, instance:rahulshettyacademy.Appium_practice.Assignment1@5386659f]" started-at="2023-07-11T08:19:32 AEST" name="Hololtheme" finished-at="2023-07-11T08:19:38 AEST" duration-ms="5686" status="PASS">
          <reporter-output>
          </reporter-output>
        </test-method> <!-- Hololtheme -->
        <test-method is-config="true" signature="teardown()[pri:0, instance:rahulshettyacademy.Appium_practice.Assignment1@5386659f]" started-at="2023-07-11T08:19:38 AEST" name="teardown" finished-at="2023-07-11T08:19:38 AEST" duration-ms="503" status="PASS">
          <reporter-output>
          </reporter-output>
        </test-method> <!-- teardown -->
      </class> <!-- rahulshettyacademy.Appium_practice.Assignment1 -->
    </test> <!-- Default test -->
  </suite> <!-- Default suite -->
</testng-results>
